{"level":"info","msg":"保存路径为：C:\\Users\\Administrator\\go\\src\\leopard\\log\\leopard.log","time":"2021-01-25T17:51:12+08:00"}
{"level":"info","msg":"日志等级为：5","time":"2021-01-25T17:51:13+08:00"}
{"animal":"walrus","level":"info","msg":"A group of walrus emerges from the ocean","size":100,"time":"2021-01-25T17:51:13+08:00"}
{"level":"info","msg":"保存路径为：C:\\Users\\Administrator\\go\\src\\leopard\\log\\leopard.log","time":"2021-01-25T17:51:17+08:00"}
{"level":"info","msg":"日志等级为：5","time":"2021-01-25T17:51:17+08:00"}
{"animal":"walrus","level":"info","msg":"A group of walrus emerges from the ocean","size":100,"time":"2021-01-25T17:51:17+08:00"}
{"level":"info","msg":"保存路径为：C:\\Users\\Administrator\\go\\src\\leopard\\log\\leopard.log","time":"2021-01-25T18:39:38+08:00"}
{"level":"info","msg":"日志等级为：5","time":"2021-01-25T18:39:38+08:00"}
{"level":"info","msg":"保存路径为：C:\\Users\\Administrator\\go\\src\\leopard\\log\\leopard.log","time":"2021-01-25T18:51:56+08:00"}
{"level":"info","msg":"日志等级为：5","time":"2021-01-25T18:51:56+08:00"}
{"file":"C:/Users/Administrator/go/src/leopard/model/init.go:18","func":"leopard/model.Database","level":"panic","msg":"连接数据库不成功sql: unknown driver \"mysql\" (forgotten import?)","time":"2021-01-25T18:51:56+08:00"}
{"level":"info","msg":"保存路径为：C:\\Users\\Administrator\\go\\src\\leopard\\log\\leopard.log","time":"2021-01-25T18:52:42+08:00"}
{"level":"info","msg":"日志等级为：5","time":"2021-01-25T18:52:42+08:00"}
{"file":"C:/Users/Administrator/go/src/leopard/model/init.go:18","func":"leopard/model.Database","level":"panic","msg":"连接数据库不成功sql: unknown driver \"mysql\" (forgotten import?)","time":"2021-01-25T18:52:42+08:00"}
{"level":"info","msg":"保存路径为：C:\\Users\\Administrator\\go\\src\\leopard\\log\\leopard.log","time":"2021-01-25T18:53:00+08:00"}
{"level":"info","msg":"日志等级为：5","time":"2021-01-25T18:53:00+08:00"}
{"file":"C:/Users/Administrator/go/src/leopard/model/init.go:18","func":"leopard/model.Database","level":"panic","msg":"连接数据库不成功","time":"2021-01-25T18:53:00+08:00"}
{"level":"info","msg":"保存路径为：C:\\Users\\Administrator\\go\\src\\leopard\\log\\leopard.log","time":"2021-01-25T18:56:16+08:00"}
{"level":"info","msg":"日志等级为：5","time":"2021-01-25T18:56:16+08:00"}
{"file":"C:/Users/Administrator/go/src/leopard/model/init.go:18","func":"leopard/model.Database","level":"panic","msg":"连接数据库不成功sql: unknown driver \"mysql\" (forgotten import?)","time":"2021-01-25T18:56:16+08:00"}
{"level":"info","msg":"保存路径为：C:\\Users\\Administrator\\go\\src\\leopard\\log\\leopard.log","time":"2021-01-25T18:56:33+08:00"}
{"level":"info","msg":"日志等级为：5","time":"2021-01-25T18:56:33+08:00"}
{"file":"C:/Users/Administrator/go/src/leopard/model/init.go:18","func":"leopard/model.Database","level":"panic","msg":"连接数据库不成功sql: unknown driver \"mysql\" (forgotten import?)","time":"2021-01-25T18:56:33+08:00"}
{"level":"info","msg":"保存路径为：C:\\Users\\Administrator\\go\\src\\leopard\\log\\leopard.log","time":"2021-01-25T18:56:54+08:00"}
{"level":"info","msg":"日志等级为：5","time":"2021-01-25T18:56:54+08:00"}
{"file":"C:/Users/Administrator/go/src/leopard/model/init.go:20","func":"leopard/model.Database","level":"panic","msg":"连接数据库不成功sql: unknown driver \"mysql\" (forgotten import?)","time":"2021-01-25T18:56:54+08:00"}
{"level":"info","msg":"保存路径为：C:\\Users\\Administrator\\go\\src\\leopard\\log\\leopard.log","time":"2021-01-25T18:58:12+08:00"}
{"level":"info","msg":"日志等级为：5","time":"2021-01-25T18:58:12+08:00"}
{"file":"C:/Users/Administrator/go/src/leopard/model/init.go:20","func":"leopard/model.Database","level":"panic","msg":"连接数据库不成功sql: unknown driver \"mysql\" (forgotten import?)","time":"2021-01-25T18:58:12+08:00"}
{"level":"info","msg":"保存路径为：C:\\Users\\Administrator\\go\\src\\leopard\\log\\leopard.log","time":"2021-01-25T18:59:37+08:00"}
{"level":"info","msg":"日志等级为：5","time":"2021-01-25T18:59:37+08:00"}
{"level":"info","msg":"保存路径为：C:\\Users\\Administrator\\go\\src\\leopard\\log\\leopard.log","time":"2021-01-25T18:59:46+08:00"}
{"level":"info","msg":"日志等级为：5","time":"2021-01-25T18:59:46+08:00"}
{"level":"info","msg":"保存路径为：C:\\Users\\Administrator\\go\\src\\leopard\\log\\leopard.log","time":"2021-01-25T19:00:31+08:00"}
{"level":"info","msg":"日志等级为：5","time":"2021-01-25T19:00:31+08:00"}
{"level":"info","msg":"保存路径为：C:\\Users\\Administrator\\go\\src\\leopard\\log\\leopard.log","time":"2021-01-25T19:02:42+08:00"}
{"level":"info","msg":"日志等级为：5","time":"2021-01-25T19:02:42+08:00"}
{"level":"info","msg":"保存路径为：C:\\Users\\Administrator\\go\\src\\leopard\\log\\leopard.log","time":"2021-01-25T19:04:10+08:00"}
{"level":"info","msg":"日志等级为：5","time":"2021-01-25T19:04:10+08:00"}
{"file":"C:/Users/Administrator/go/src/leopard/model/init.go:20","func":"leopard/model.Database","level":"info","msg":"Mysql连接成功","time":"2021-01-25T19:04:10+08:00"}
{"file":"C:/Users/Administrator/go/src/leopard/cache/main.go:26","func":"leopard/cache.Redis","level":"info","msg":"Redis连接成功","time":"2021-01-25T19:04:11+08:00"}
{"level":"info","msg":"保存路径为：C:\\Users\\Administrator\\go\\src\\leopard\\log\\leopard.log","time":"2021-01-25T19:05:23+08:00"}
{"level":"info","msg":"日志等级为：5","time":"2021-01-25T19:05:23+08:00"}
{"level":"info","msg":"Mysql连接成功","time":"2021-01-25T19:05:23+08:00"}
{"level":"info","msg":"Redis连接成功","time":"2021-01-25T19:05:23+08:00"}
{"level":"info","msg":"保存路径为：C:\\Users\\Administrator\\go\\src\\leopard\\log\\leopard.log","time":"2021-01-25T19:07:32+08:00"}
{"level":"info","msg":"日志等级为：5","time":"2021-01-25T19:07:32+08:00"}
{"file":"C:/Users/Administrator/go/src/leopard/model/init.go:18","func":"leopard/model.Database","level":"info","msg":"Mysql连接成功","time":"2021-01-25T19:07:33+08:00"}
{"file":"C:/Users/Administrator/go/src/leopard/cache/main.go:26","func":"leopard/cache.Redis","level":"info","msg":"Redis连接成功","time":"2021-01-25T19:07:33+08:00"}
{"level":"info","msg":"保存路径为：C:\\Users\\Administrator\\go\\src\\leopard\\log\\leopard.log","time":"2021-01-25T21:53:19+08:00"}
{"level":"info","msg":"日志等级为：5","time":"2021-01-25T21:53:19+08:00"}
{"file":"C:/Users/Administrator/go/src/leopard/model/init.go:18","func":"leopard/model.Database","level":"info","msg":"Mysql连接成功","time":"2021-01-25T21:53:19+08:00"}
{"file":"C:/Users/Administrator/go/src/leopard/cache/main.go:26","func":"leopard/cache.Redis","level":"panic","msg":"连接Redis不成功dial tcp 127.0.0.1:6379: connectex: No connection could be made because the target machine actively refused it.","time":"2021-01-25T21:53:20+08:00"}
{"level":"info","msg":"保存路径为：C:\\Users\\Administrator\\go\\src\\leopard\\log\\leopard.log","time":"2021-01-25T21:57:07+08:00"}
{"level":"info","msg":"日志等级为：5","time":"2021-01-25T21:57:07+08:00"}
{"file":"C:/Users/Administrator/go/src/leopard/model/init.go:18","func":"leopard/model.Database","level":"info","msg":"Mysql连接成功","time":"2021-01-25T21:57:07+08:00"}
{"file":"C:/Users/Administrator/go/src/leopard/cache/main.go:26","func":"leopard/cache.Redis","level":"info","msg":"Redis连接成功","time":"2021-01-25T21:57:07+08:00"}
{"level":"info","msg":"保存路径为：C:\\Users\\Administrator\\go\\src\\leopard\\log\\leopard.log","time":"2021-01-25T22:00:53+08:00"}
{"level":"info","msg":"日志等级为：5","time":"2021-01-25T22:00:53+08:00"}
{"file":"C:/Users/Administrator/go/src/leopard/model/init.go:18","func":"leopard/model.Database","level":"info","msg":"Mysql连接成功","time":"2021-01-25T22:00:53+08:00"}
{"file":"C:/Users/Administrator/go/src/leopard/cache/main.go:26","func":"leopard/cache.Redis","level":"info","msg":"Redis连接成功","time":"2021-01-25T22:00:53+08:00"}
